#
# There is insufficient memory for the Java Runtime Environment to continue.
# Native memory allocation (malloc) failed to allocate 1041856 bytes. Error detail: Chunk::new
# Possible reasons:
#   The system is out of physical RAM or swap space
#   This process is running with CompressedOops enabled, and the Java Heap may be blocking the growth of the native heap
# Possible solutions:
#   Reduce memory load on the system
#   Increase physical memory or swap space
#   Check if swap backing store is full
#   Decrease Java heap size (-Xmx/-Xms)
#   Decrease number of Java threads
#   Decrease Java thread stack sizes (-Xss)
#   Set larger code cache with -XX:ReservedCodeCacheSize=
#   JVM is running with Unscaled Compressed Oops mode in which the Java heap is
#     placed in the first 4GB address space. The Java Heap base address is the
#     maximum limit for the native heap growth. Please use -XX:HeapBaseMinAddress
#     to set the Java Heap base and to place the Java Heap above 4GB virtual address.
# This output file may be truncated or incomplete.
#
#  Out of Memory Error (arena.cpp:191), pid=35116, tid=22180
#
# JRE version: OpenJDK Runtime Environment (17.0.11) (build 17.0.11+0--11852314)
# Java VM: OpenJDK 64-Bit Server VM (17.0.11+0--11852314, mixed mode, tiered, compressed oops, compressed class ptrs, g1 gc, windows-amd64)
# No core dump will be written. Minidumps are not enabled by default on client versions of Windows
#

---------------  S U M M A R Y ------------

Command Line: org.jetbrains.kotlin.cli.jvm.K2JVMCompiler @C:\Users\kimba\AndroidStudioProjects\MyApplication\app\build\20241002_13704499518822651425.compiler.options

Host: Intel(R) Core(TM) i5-10210U CPU @ 1.60GHz, 8 cores, 7G,  Windows 11 , 64 bit Build 22621 (10.0.22621.3958)
Time: Wed Oct  2 00:14:47 2024  Windows 11 , 64 bit Build 22621 (10.0.22621.3958) elapsed time: 2.532058 seconds (0d 0h 0m 2s)

---------------  T H R E A D  ---------------

Current thread (0x0000014c3b32df90):  JavaThread "C2 CompilerThread0" daemon [_thread_in_native, id=22180, stack(0x00000017e9d00000,0x00000017e9e00000)]


Current CompileTask:
C2:   2532 2729       4       jdk.internal.loader.BuiltinClassLoader::defineClass (121 bytes)

Stack: [0x00000017e9d00000,0x00000017e9e00000]
Native frames: (J=compiled Java code, j=interpreted, Vv=VM code, C=native code)
V  [jvm.dll+0x687bb9]
V  [jvm.dll+0x84142a]
V  [jvm.dll+0x8430ae]
V  [jvm.dll+0x843713]
V  [jvm.dll+0x24a35f]
V  [jvm.dll+0xac544]
V  [jvm.dll+0xacb8c]
V  [jvm.dll+0x2b194f]
V  [jvm.dll+0x58eba7]
V  [jvm.dll+0x2247e2]
V  [jvm.dll+0x224bdf]
V  [jvm.dll+0x21dd00]
V  [jvm.dll+0x21b201]
V  [jvm.dll+0x1a63ed]
V  [jvm.dll+0x22b1ee]
V  [jvm.dll+0x229375]
V  [jvm.dll+0x7f5647]
V  [jvm.dll+0x7efa4a]
V  [jvm.dll+0x686a35]
C  [ucrtbase.dll+0x29333]
C  [KERNEL32.DLL+0x1257d]
C  [ntdll.dll+0x5af08]


---------------  P R O C E S S  ---------------

Threads class SMR info:
_java_thread_list=0x0000014c400292c0, length=14, elements={
0x0000014c2150d390, 0x0000014c3b317270, 0x0000014c3b318890, 0x0000014c3b352530,
0x0000014c3b352ef0, 0x0000014c3b3538b0, 0x0000014c3b1a0fa0, 0x0000014c3b32df90,
0x0000014c3b32f650, 0x0000014c3b32ff60, 0x0000014c3b4c3bd0, 0x0000014c3b4cfd60,
0x0000014c3bc469c0, 0x0000014c41304d00
}

Java Threads: ( => current thread )
  0x0000014c2150d390 JavaThread "main" [_thread_in_Java, id=36888, stack(0x00000017e9000000,0x00000017e9100000)]
  0x0000014c3b317270 JavaThread "Reference Handler" daemon [_thread_blocked, id=29752, stack(0x00000017e9700000,0x00000017e9800000)]
  0x0000014c3b318890 JavaThread "Finalizer" daemon [_thread_blocked, id=18688, stack(0x00000017e9800000,0x00000017e9900000)]
  0x0000014c3b352530 JavaThread "Signal Dispatcher" daemon [_thread_blocked, id=21688, stack(0x00000017e9900000,0x00000017e9a00000)]
  0x0000014c3b352ef0 JavaThread "Attach Listener" daemon [_thread_blocked, id=30232, stack(0x00000017e9a00000,0x00000017e9b00000)]
  0x0000014c3b3538b0 JavaThread "Service Thread" daemon [_thread_blocked, id=1780, stack(0x00000017e9b00000,0x00000017e9c00000)]
  0x0000014c3b1a0fa0 JavaThread "Monitor Deflation Thread" daemon [_thread_blocked, id=11752, stack(0x00000017e9c00000,0x00000017e9d00000)]
=>0x0000014c3b32df90 JavaThread "C2 CompilerThread0" daemon [_thread_in_native, id=22180, stack(0x00000017e9d00000,0x00000017e9e00000)]
  0x0000014c3b32f650 JavaThread "C1 CompilerThread0" daemon [_thread_in_native, id=31640, stack(0x00000017e9e00000,0x00000017e9f00000)]
  0x0000014c3b32ff60 JavaThread "Sweeper thread" daemon [_thread_blocked, id=31356, stack(0x00000017e9f00000,0x00000017ea000000)]
  0x0000014c3b4c3bd0 JavaThread "Notification Thread" daemon [_thread_blocked, id=24636, stack(0x00000017ea000000,0x00000017ea100000)]
  0x0000014c3b4cfd60 JavaThread "Common-Cleaner" daemon [_thread_blocked, id=21452, stack(0x00000017ea200000,0x00000017ea300000)]
  0x0000014c3bc469c0 JavaThread "C2 CompilerThread1" daemon [_thread_in_native, id=22616, stack(0x00000017ea700000,0x00000017ea800000)]
  0x0000014c41304d00 JavaThread "C2 CompilerThread2" daemon [_thread_in_native, id=20720, stack(0x00000017eac00000,0x00000017ead00000)]

Other Threads:
  0x0000014c3b300720 VMThread "VM Thread" [stack: 0x00000017e9600000,0x00000017e9700000] [id=23848]
  0x0000014c3b4c48d0 WatcherThread [stack: 0x00000017ea100000,0x00000017ea200000] [id=31896]
  0x0000014c21565a90 GCTaskThread "GC Thread#0" [stack: 0x00000017e9100000,0x00000017e9200000] [id=32904]
  0x0000014c3bb6cae0 GCTaskThread "GC Thread#1" [stack: 0x00000017ea300000,0x00000017ea400000] [id=15452]
  0x0000014c3bb6cda0 GCTaskThread "GC Thread#2" [stack: 0x00000017ea400000,0x00000017ea500000] [id=30824]
  0x0000014c3bbcbed0 GCTaskThread "GC Thread#3" [stack: 0x00000017ea500000,0x00000017ea600000] [id=13648]
  0x0000014c3bbcc190 GCTaskThread "GC Thread#4" [stack: 0x00000017ea600000,0x00000017ea700000] [id=37528]
  0x0000014c3bf6bc20 GCTaskThread "GC Thread#5" [stack: 0x00000017ea800000,0x00000017ea900000] [id=19348]
  0x0000014c4015ab90 GCTaskThread "GC Thread#6" [stack: 0x00000017ea900000,0x00000017eaa00000] [id=36104]
  0x0000014c403df820 GCTaskThread "GC Thread#7" [stack: 0x00000017eaa00000,0x00000017eab00000] [id=28812]
  0x0000014c21576320 ConcurrentGCThread "G1 Main Marker" [stack: 0x00000017e9200000,0x00000017e9300000] [id=21364]
  0x0000014c215774e0 ConcurrentGCThread "G1 Conc#0" [stack: 0x00000017e9300000,0x00000017e9400000] [id=15752]
  0x0000014c403c9220 ConcurrentGCThread "G1 Conc#1" [stack: 0x00000017eab00000,0x00000017eac00000] [id=37684]
  0x0000014c215ad890 ConcurrentGCThread "G1 Refine#0" [stack: 0x00000017e9400000,0x00000017e9500000] [id=28224]
  0x0000014c215ae2c0 ConcurrentGCThread "G1 Service" [stack: 0x00000017e9500000,0x00000017e9600000] [id=18360]

Threads with active compile tasks:
C2 CompilerThread0     2565 2729       4       jdk.internal.loader.BuiltinClassLoader::defineClass (121 bytes)
C2 CompilerThread1     2565 2675   !   4       jdk.internal.loader.BuiltinClassLoader::findClassOnClassPathOrNull (64 bytes)
C2 CompilerThread2     2565 2608       4       java.lang.ClassLoader::loadClass (7 bytes)

VM state: not at safepoint (normal execution)

VM Mutex/Monitor currently owned by a thread: None

Heap address: 0x0000000083600000, size: 1994 MB, Compressed Oops mode: 32-bit

CDS archive(s) not mapped
Compressed class space mapped at: 0x0000000100000000-0x0000000140000000, reserved size: 1073741824
Narrow klass base: 0x0000000000000000, Narrow klass shift: 3, Narrow klass range: 0x140000000

GC Precious Log:
 CPUs: 8 total, 8 available
 Memory: 7974M
 Large Page Support: Disabled
 NUMA Support: Disabled
 Compressed Oops: Enabled (32-bit)
 Heap Region Size: 1M
 Heap Min Capacity: 8M
 Heap Initial Capacity: 126M
 Heap Max Capacity: 1994M
 Pre-touch: Disabled
 Parallel Workers: 8
 Concurrent Workers: 2
 Concurrent Refinement Workers: 8
 Periodic GC: Disabled

Heap:
 garbage-first heap   total 68608K, used 41149K [0x0000000083600000, 0x0000000100000000)
  region size 1024K, 24 young (24576K), 5 survivors (5120K)
 Metaspace       used 46110K, committed 46336K, reserved 1114112K
  class space    used 5653K, committed 5760K, reserved 1048576K

Heap Regions: E=young(eden), S=young(survivor), O=old, HS=humongous(starts), HC=humongous(continues), CS=collection set, F=free, OA=open archive, CA=closed archive, TAMS=top-at-mark-start (previous, next)
|   0|0x0000000083600000, 0x0000000083700000, 0x0000000083700000|100%|HS|  |TAMS 0x0000000083700000, 0x0000000083600000| Complete 
|   1|0x0000000083700000, 0x0000000083800000, 0x0000000083800000|100%|HC|  |TAMS 0x0000000083800000, 0x0000000083700000| Complete 
|   2|0x0000000083800000, 0x0000000083900000, 0x0000000083900000|100%|HC|  |TAMS 0x0000000083900000, 0x0000000083800000| Complete 
|   3|0x0000000083900000, 0x0000000083a00000, 0x0000000083a00000|100%|HC|  |TAMS 0x0000000083a00000, 0x0000000083900000| Complete 
|   4|0x0000000083a00000, 0x0000000083b00000, 0x0000000083b00000|100%| O|  |TAMS 0x0000000083b00000, 0x0000000083a00000| Untracked 
|   5|0x0000000083b00000, 0x0000000083c00000, 0x0000000083c00000|100%| O|  |TAMS 0x0000000083c00000, 0x0000000083b00000| Untracked 
|   6|0x0000000083c00000, 0x0000000083d00000, 0x0000000083d00000|100%| O|  |TAMS 0x0000000083d00000, 0x0000000083c00000| Untracked 
|   7|0x0000000083d00000, 0x0000000083e00000, 0x0000000083e00000|100%| O|  |TAMS 0x0000000083e00000, 0x0000000083d00000| Untracked 
|   8|0x0000000083e00000, 0x0000000083f00000, 0x0000000083f00000|100%| O|  |TAMS 0x0000000083f00000, 0x0000000083e00000| Untracked 
|   9|0x0000000083f00000, 0x0000000084000000, 0x0000000084000000|100%| O|  |TAMS 0x0000000084000000, 0x0000000083f00000| Untracked 
|  10|0x0000000084000000, 0x0000000084100000, 0x0000000084100000|100%| O|  |TAMS 0x0000000084100000, 0x0000000084000000| Untracked 
|  11|0x0000000084100000, 0x0000000084200000, 0x0000000084200000|100%| O|  |TAMS 0x0000000084200000, 0x0000000084100000| Untracked 
|  12|0x0000000084200000, 0x0000000084300000, 0x0000000084300000|100%| O|  |TAMS 0x0000000084300000, 0x0000000084200000| Untracked 
|  13|0x0000000084300000, 0x0000000084400000, 0x0000000084400000|100%|HS|  |TAMS 0x0000000084300000, 0x0000000084300000| Complete 
|  14|0x0000000084400000, 0x0000000084500000, 0x0000000084500000|100%|HC|  |TAMS 0x0000000084400000, 0x0000000084400000| Complete 
|  15|0x0000000084500000, 0x0000000084600000, 0x0000000084600000|100%| O|  |TAMS 0x0000000084600000, 0x0000000084500000| Untracked 
|  16|0x0000000084600000, 0x0000000084700000, 0x0000000084700000|100%| O|  |TAMS 0x0000000084700000, 0x0000000084600000| Untracked 
|  17|0x0000000084700000, 0x000000008475d400, 0x0000000084800000| 36%| O|  |TAMS 0x000000008475d400, 0x0000000084700000| Untracked 
|  18|0x0000000084800000, 0x0000000084800000, 0x0000000084900000|  0%| F|  |TAMS 0x0000000084800000, 0x0000000084800000| Untracked 
|  19|0x0000000084900000, 0x0000000084900000, 0x0000000084a00000|  0%| F|  |TAMS 0x0000000084900000, 0x0000000084900000| Untracked 
|  20|0x0000000084a00000, 0x0000000084a00000, 0x0000000084b00000|  0%| F|  |TAMS 0x0000000084a00000, 0x0000000084a00000| Untracked 
|  21|0x0000000084b00000, 0x0000000084b00000, 0x0000000084c00000|  0%| F|  |TAMS 0x0000000084b00000, 0x0000000084b00000| Untracked 
|  22|0x0000000084c00000, 0x0000000084c00000, 0x0000000084d00000|  0%| F|  |TAMS 0x0000000084c00000, 0x0000000084c00000| Untracked 
|  23|0x0000000084d00000, 0x0000000084d00000, 0x0000000084e00000|  0%| F|  |TAMS 0x0000000084d00000, 0x0000000084d00000| Untracked 
|  24|0x0000000084e00000, 0x0000000084e00000, 0x0000000084f00000|  0%| F|  |TAMS 0x0000000084e00000, 0x0000000084e00000| Untracked 
|  25|0x0000000084f00000, 0x0000000084f00000, 0x0000000085000000|  0%| F|  |TAMS 0x0000000084f00000, 0x0000000084f00000| Untracked 
|  26|0x0000000085000000, 0x0000000085000000, 0x0000000085100000|  0%| F|  |TAMS 0x0000000085000000, 0x0000000085000000| Untracked 
|  27|0x0000000085100000, 0x0000000085100000, 0x0000000085200000|  0%| F|  |TAMS 0x0000000085100000, 0x0000000085100000| Untracked 
|  28|0x0000000085200000, 0x00000000852d2160, 0x0000000085300000| 82%| S|CS|TAMS 0x0000000085200000, 0x0000000085200000| Complete 
|  29|0x0000000085300000, 0x0000000085400000, 0x0000000085400000|100%| S|CS|TAMS 0x0000000085300000, 0x0000000085300000| Complete 
|  30|0x0000000085400000, 0x0000000085500000, 0x0000000085500000|100%| S|CS|TAMS 0x0000000085400000, 0x0000000085400000| Complete 
|  31|0x0000000085500000, 0x0000000085600000, 0x0000000085600000|100%| S|CS|TAMS 0x0000000085500000, 0x0000000085500000| Complete 
|  32|0x0000000085600000, 0x0000000085700000, 0x0000000085700000|100%| S|CS|TAMS 0x0000000085600000, 0x0000000085600000| Complete 
|  33|0x0000000085700000, 0x0000000085700000, 0x0000000085800000|  0%| F|  |TAMS 0x0000000085700000, 0x0000000085700000| Untracked 
|  34|0x0000000085800000, 0x0000000085800000, 0x0000000085900000|  0%| F|  |TAMS 0x0000000085800000, 0x0000000085800000| Untracked 
|  35|0x0000000085900000, 0x0000000085900000, 0x0000000085a00000|  0%| F|  |TAMS 0x0000000085900000, 0x0000000085900000| Untracked 
|  36|0x0000000085a00000, 0x0000000085a00000, 0x0000000085b00000|  0%| F|  |TAMS 0x0000000085a00000, 0x0000000085a00000| Untracked 
|  37|0x0000000085b00000, 0x0000000085b00000, 0x0000000085c00000|  0%| F|  |TAMS 0x0000000085b00000, 0x0000000085b00000| Untracked 
|  38|0x0000000085c00000, 0x0000000085c00000, 0x0000000085d00000|  0%| F|  |TAMS 0x0000000085c00000, 0x0000000085c00000| Untracked 
|  39|0x0000000085d00000, 0x0000000085d00000, 0x0000000085e00000|  0%| F|  |TAMS 0x0000000085d00000, 0x0000000085d00000| Untracked 
|  40|0x0000000085e00000, 0x0000000085e00000, 0x0000000085f00000|  0%| F|  |TAMS 0x0000000085e00000, 0x0000000085e00000| Untracked 
|  41|0x0000000085f00000, 0x0000000085f00000, 0x0000000086000000|  0%| F|  |TAMS 0x0000000085f00000, 0x0000000085f00000| Untracked 
|  42|0x0000000086000000, 0x0000000086000000, 0x0000000086100000|  0%| F|  |TAMS 0x0000000086000000, 0x0000000086000000| Untracked 
|  43|0x0000000086100000, 0x0000000086100000, 0x0000000086200000|  0%| F|  |TAMS 0x0000000086100000, 0x0000000086100000| Untracked 
|  44|0x0000000086200000, 0x0000000086200000, 0x0000000086300000|  0%| F|  |TAMS 0x0000000086200000, 0x0000000086200000| Untracked 
|  45|0x0000000086300000, 0x0000000086300000, 0x0000000086400000|  0%| F|  |TAMS 0x0000000086300000, 0x0000000086300000| Untracked 
|  46|0x0000000086400000, 0x0000000086400000, 0x0000000086500000|  0%| F|  |TAMS 0x0000000086400000, 0x0000000086400000| Untracked 
|  47|0x0000000086500000, 0x0000000086500000, 0x0000000086600000|  0%| F|  |TAMS 0x0000000086500000, 0x0000000086500000| Untracked 
|  48|0x0000000086600000, 0x0000000086680800, 0x0000000086700000| 50%| E|  |TAMS 0x0000000086600000, 0x0000000086600000| Complete 
|  49|0x0000000086700000, 0x0000000086800000, 0x0000000086800000|100%| E|CS|TAMS 0x0000000086700000, 0x0000000086700000| Complete 
|  50|0x0000000086800000, 0x0000000086900000, 0x0000000086900000|100%| E|CS|TAMS 0x0000000086800000, 0x0000000086800000| Complete 
|  51|0x0000000086900000, 0x0000000086a00000, 0x0000000086a00000|100%| E|CS|TAMS 0x0000000086900000, 0x0000000086900000| Complete 
|  52|0x0000000086a00000, 0x0000000086b00000, 0x0000000086b00000|100%| E|CS|TAMS 0x0000000086a00000, 0x0000000086a00000| Complete 
|  53|0x0000000086b00000, 0x0000000086c00000, 0x0000000086c00000|100%| E|CS|TAMS 0x0000000086b00000, 0x0000000086b00000| Complete 
|  54|0x0000000086c00000, 0x0000000086d00000, 0x0000000086d00000|100%| E|CS|TAMS 0x0000000086c00000, 0x0000000086c00000| Complete 
|  55|0x0000000086d00000, 0x0000000086e00000, 0x0000000086e00000|100%| E|CS|TAMS 0x0000000086d00000, 0x0000000086d00000| Complete 
|  56|0x0000000086e00000, 0x0000000086f00000, 0x0000000086f00000|100%| E|CS|TAMS 0x0000000086e00000, 0x0000000086e00000| Complete 
|  57|0x0000000086f00000, 0x0000000087000000, 0x0000000087000000|100%| E|CS|TAMS 0x0000000086f00000, 0x0000000086f00000| Complete 
|  58|0x0000000087000000, 0x0000000087100000, 0x0000000087100000|100%| E|CS|TAMS 0x0000000087000000, 0x0000000087000000| Complete 
|  59|0x0000000087100000, 0x0000000087200000, 0x0000000087200000|100%| E|CS|TAMS 0x0000000087100000, 0x0000000087100000| Complete 
|  60|0x0000000087200000, 0x0000000087300000, 0x0000000087300000|100%| E|CS|TAMS 0x0000000087200000, 0x0000000087200000| Complete 
|  61|0x0000000087300000, 0x0000000087400000, 0x0000000087400000|100%| E|CS|TAMS 0x0000000087300000, 0x0000000087300000| Complete 
|  62|0x0000000087400000, 0x0000000087500000, 0x0000000087500000|100%| E|CS|TAMS 0x0000000087400000, 0x0000000087400000| Complete 
|  87|0x0000000088d00000, 0x0000000088e00000, 0x0000000088e00000|100%| E|CS|TAMS 0x0000000088d00000, 0x0000000088d00000| Complete 
|  88|0x0000000088e00000, 0x0000000088f00000, 0x0000000088f00000|100%| E|CS|TAMS 0x0000000088e00000, 0x0000000088e00000| Complete 
|  89|0x0000000088f00000, 0x0000000089000000, 0x0000000089000000|100%| E|CS|TAMS 0x0000000088f00000, 0x0000000088f00000| Complete 
| 125|0x000000008b300000, 0x000000008b400000, 0x000000008b400000|100%| E|CS|TAMS 0x000000008b300000, 0x000000008b300000| Complete 

Card table byte_map: [0x0000014c340f0000,0x0000014c344e0000] _byte_map_base: 0x0000014c33cd5000

Marking Bits (Prev, Next): (CMBitMap*) 0x0000014c215660b0, (CMBitMap*) 0x0000014c215660f0
 Prev Bits: [0x0000014c348d0000, 0x0000014c367f8000)
 Next Bits: [0x0000014c36800000, 0x0000014c38728000)

Polling page: 0x0000014c20cb0000

Metaspace:

Usage:
  Non-class:     39.51 MB used.
      Class:      5.52 MB used.
       Both:     45.03 MB used.

Virtual space:
  Non-class space:       64.00 MB reserved,      39.62 MB ( 62%) committed,  1 nodes.
      Class space:        1.00 GB reserved,       5.62 MB ( <1%) committed,  1 nodes.
             Both:        1.06 GB reserved,      45.25 MB (  4%) committed. 

Chunk freelists:
   Non-Class:  8.17 MB
       Class:  10.33 MB
        Both:  18.50 MB

MaxMetaspaceSize: unlimited
CompressedClassSpaceSize: 1.00 GB
Initial GC threshold: 21.00 MB
Current GC threshold: 59.19 MB
CDS: off
MetaspaceReclaimPolicy: balanced
 - commit_granule_bytes: 65536.
 - commit_granule_words: 8192.
 - virtual_space_node_default_size: 8388608.
 - enlarge_chunks_in_place: 1.
 - new_chunks_are_fully_committed: 0.
 - uncommit_free_chunks: 1.
 - use_allocation_guard: 0.
 - handle_deallocations: 1.


Internal statistics:

num_allocs_failed_limit: 6.
num_arena_births: 166.
num_arena_deaths: 0.
num_vsnodes_births: 2.
num_vsnodes_deaths: 0.
num_space_committed: 723.
num_space_uncommitted: 0.
num_chunks_returned_to_freelist: 6.
num_chunks_taken_from_freelist: 1462.
num_chunk_merges: 6.
num_chunk_splits: 1245.
num_chunks_enlarged: 1127.
num_inconsistent_stats: 0.

CodeHeap 'non-profiled nmethods': size=120000Kb used=1193Kb max_used=1193Kb free=118807Kb
 bounds [0x0000014c2c4a0000, 0x0000014c2c710000, 0x0000014c339d0000]
CodeHeap 'profiled nmethods': size=120000Kb used=6132Kb max_used=6132Kb free=113867Kb
 bounds [0x0000014c249d0000, 0x0000014c24fd0000, 0x0000014c2bf00000]
CodeHeap 'non-nmethods': size=5760Kb used=1326Kb max_used=1326Kb free=4433Kb
 bounds [0x0000014c2bf00000, 0x0000014c2c170000, 0x0000014c2c4a0000]
 total_blobs=3561 nmethods=2986 adapters=485
 compilation: enabled
              stopped_count=0, restarted_count=0
 full_count=0

Compilation events (20 events):
Event: 2.435 Thread 0x0000014c3b32f650 2829       3       org.jetbrains.kotlin.name.ClassId::<init> (27 bytes)
Event: 2.435 Thread 0x0000014c3b32f650 nmethod 2829 0x0000014c24f38610 code [0x0000014c24f38820, 0x0000014c24f38d58]
Event: 2.435 Thread 0x0000014c3b32f650 2830       3       org.jetbrains.kotlin.com.intellij.openapi.vfs.impl.jar.CoreJarVirtualFile::getPath (130 bytes)
Event: 2.437 Thread 0x0000014c3b32f650 nmethod 2830 0x0000014c24f38f90 code [0x0000014c24f39340, 0x0000014c24f3a738]
Event: 2.437 Thread 0x0000014c3b32f650 2831       3       org.jetbrains.org.objectweb.asm.ClassReader::readClass (7 bytes)
Event: 2.437 Thread 0x0000014c3b32f650 nmethod 2831 0x0000014c24f3ae90 code [0x0000014c24f3b060, 0x0000014c24f3b3c8]
Event: 2.437 Thread 0x0000014c3b32f650 2832       3       org.jetbrains.org.objectweb.asm.ClassReader::readStringish (16 bytes)
Event: 2.437 Thread 0x0000014c3b32f650 nmethod 2832 0x0000014c24f3b590 code [0x0000014c24f3b760, 0x0000014c24f3ba68]
Event: 2.438 Thread 0x0000014c3b32f650 2833       3       org.jetbrains.kotlin.load.java.structure.impl.classFiles.BinaryJavaAnnotation$Companion::addAnnotation$default (23 bytes)
Event: 2.438 Thread 0x0000014c3b32f650 nmethod 2833 0x0000014c24f3bc10 code [0x0000014c24f3bdc0, 0x0000014c24f3bf28]
Event: 2.438 Thread 0x0000014c3b32f650 2835       3       org.jetbrains.org.objectweb.asm.ClassReader::readMethod (1061 bytes)
Event: 2.443 Thread 0x0000014c3b32f650 

Event: 2.443 Thread 0x0000014c3b32f650 2834       3       org.jetbrains.kotlin.load.java.structure.impl.classFiles.BinaryJavaAnnotation$Companion::addAnnotation (74 bytes)
Event: 2.444 Thread 0x0000014c3b32f650 nmethod 2834 0x0000014c24f3c010 code [0x0000014c24f3c3e0, 0x0000014c24f3db68]
Event: 2.444 Thread 0x0000014c3b32f650 2836       3       org.jetbrains.kotlin.load.java.structure.impl.classFiles.ClassifierResolutionContext::<init> (20 bytes)
Event: 2.445 Thread 0x0000014c3b32f650 nmethod 2836 0x0000014c24f3e390 code [0x0000014c24f3e540, 0x0000014c24f3e7b8]
Event: 2.449 Thread 0x0000014c3b32f650 2837       3       org.jetbrains.kotlin.protobuf.GeneratedMessageLite$Builder::<init> (12 bytes)
Event: 2.449 Thread 0x0000014c3b32f650 nmethod 2837 0x0000014c24f3e890 code [0x0000014c24f3ea40, 0x0000014c24f3ec78]
Event: 2.449 Thread 0x0000014c3b32f650 2838       3       org.jetbrains.kotlin.protobuf.AbstractMessageLite$Builder::<init> (5 bytes)
Event: 2.449 Thread 0x0000014c3b32f650 nmethod 2838 0x0000014c24f3ed90 code [0x0000014c24f3ef20, 0x0000014c24f3f078]

GC Heap History (16 events):
Event: 0.487 GC heap before
{Heap before GC invocations=0 (full 0):
 garbage-first heap   total 129024K, used 27648K [0x0000000083600000, 0x0000000100000000)
  region size 1024K, 23 young (23552K), 0 survivors (0K)
 Metaspace       used 13231K, committed 13248K, reserved 1114112K
  class space    used 1274K, committed 1280K, reserved 1048576K
}
Event: 0.490 GC heap after
{Heap after GC invocations=1 (full 0):
 garbage-first heap   total 129024K, used 6997K [0x0000000083600000, 0x0000000100000000)
  region size 1024K, 3 young (3072K), 3 survivors (3072K)
 Metaspace       used 13231K, committed 13248K, reserved 1114112K
  class space    used 1274K, committed 1280K, reserved 1048576K
}
Event: 0.921 GC heap before
{Heap before GC invocations=1 (full 0):
 garbage-first heap   total 129024K, used 38741K [0x0000000083600000, 0x0000000100000000)
  region size 1024K, 35 young (35840K), 3 survivors (3072K)
 Metaspace       used 21337K, committed 21504K, reserved 1114112K
  class space    used 2327K, committed 2432K, reserved 1048576K
}
Event: 0.927 GC heap after
{Heap after GC invocations=2 (full 0):
 garbage-first heap   total 129024K, used 10638K [0x0000000083600000, 0x0000000100000000)
  region size 1024K, 4 young (4096K), 4 survivors (4096K)
 Metaspace       used 21337K, committed 21504K, reserved 1114112K
  class space    used 2327K, committed 2432K, reserved 1048576K
}
Event: 1.245 GC heap before
{Heap before GC invocations=3 (full 0):
 garbage-first heap   total 40960K, used 31118K [0x0000000083600000, 0x0000000100000000)
  region size 1024K, 25 young (25600K), 4 survivors (4096K)
 Metaspace       used 28356K, committed 28544K, reserved 1114112K
  class space    used 3521K, committed 3584K, reserved 1048576K
}
Event: 1.252 GC heap after
{Heap after GC invocations=4 (full 0):
 garbage-first heap   total 40960K, used 11583K [0x0000000083600000, 0x0000000100000000)
  region size 1024K, 2 young (2048K), 2 survivors (2048K)
 Metaspace       used 28356K, committed 28544K, reserved 1114112K
  class space    used 3521K, committed 3584K, reserved 1048576K
}
Event: 1.269 GC heap before
{Heap before GC invocations=4 (full 0):
 garbage-first heap   total 40960K, used 11583K [0x0000000083600000, 0x0000000100000000)
  region size 1024K, 3 young (3072K), 2 survivors (2048K)
 Metaspace       used 28702K, committed 28928K, reserved 1114112K
  class space    used 3553K, committed 3648K, reserved 1048576K
}
Event: 1.272 GC heap after
{Heap after GC invocations=5 (full 0):
 garbage-first heap   total 40960K, used 11841K [0x0000000083600000, 0x0000000100000000)
  region size 1024K, 1 young (1024K), 1 survivors (1024K)
 Metaspace       used 28702K, committed 28928K, reserved 1114112K
  class space    used 3553K, committed 3648K, reserved 1048576K
}
Event: 1.474 GC heap before
{Heap before GC invocations=5 (full 0):
 garbage-first heap   total 40960K, used 32321K [0x0000000083600000, 0x0000000100000000)
  region size 1024K, 19 young (19456K), 1 survivors (1024K)
 Metaspace       used 30825K, committed 30976K, reserved 1114112K
  class space    used 3987K, committed 4032K, reserved 1048576K
}
Event: 1.482 GC heap after
{Heap after GC invocations=6 (full 0):
 garbage-first heap   total 40960K, used 17794K [0x0000000083600000, 0x0000000100000000)
  region size 1024K, 3 young (3072K), 3 survivors (3072K)
 Metaspace       used 30825K, committed 30976K, reserved 1114112K
  class space    used 3987K, committed 4032K, reserved 1048576K
}
Event: 1.665 GC heap before
{Heap before GC invocations=6 (full 0):
 garbage-first heap   total 40960K, used 31106K [0x0000000083600000, 0x0000000100000000)
  region size 1024K, 16 young (16384K), 3 survivors (3072K)
 Metaspace       used 34142K, committed 34368K, reserved 1114112K
  class space    used 4354K, committed 4480K, reserved 1048576K
}
Event: 1.671 GC heap after
{Heap after GC invocations=7 (full 0):
 garbage-first heap   total 69632K, used 17413K [0x0000000083600000, 0x0000000100000000)
  region size 1024K, 2 young (2048K), 2 survivors (2048K)
 Metaspace       used 34142K, committed 34368K, reserved 1114112K
  class space    used 4354K, committed 4480K, reserved 1048576K
}
Event: 1.782 GC heap before
{Heap before GC invocations=7 (full 0):
 garbage-first heap   total 69632K, used 25605K [0x0000000083600000, 0x0000000100000000)
  region size 1024K, 11 young (11264K), 2 survivors (2048K)
 Metaspace       used 35864K, committed 36096K, reserved 1114112K
  class space    used 4538K, committed 4672K, reserved 1048576K
}
Event: 1.785 GC heap after
{Heap after GC invocations=8 (full 0):
 garbage-first heap   total 69632K, used 18402K [0x0000000083600000, 0x0000000100000000)
  region size 1024K, 3 young (3072K), 3 survivors (3072K)
 Metaspace       used 35864K, committed 36096K, reserved 1114112K
  class space    used 4538K, committed 4672K, reserved 1048576K
}
Event: 2.194 GC heap before
{Heap before GC invocations=9 (full 0):
 garbage-first heap   total 68608K, used 50146K [0x0000000083600000, 0x0000000100000000)
  region size 1024K, 34 young (34816K), 3 survivors (3072K)
 Metaspace       used 42905K, committed 43136K, reserved 1114112K
  class space    used 5257K, committed 5376K, reserved 1048576K
}
Event: 2.203 GC heap after
{Heap after GC invocations=10 (full 0):
 garbage-first heap   total 68608K, used 20669K [0x0000000083600000, 0x0000000100000000)
  region size 1024K, 5 young (5120K), 5 survivors (5120K)
 Metaspace       used 42905K, committed 43136K, reserved 1114112K
  class space    used 5257K, committed 5376K, reserved 1048576K
}

Dll operation events (2 events):
Event: 0.019 Loaded shared library C:\Program Files\Android\Android Studio1\jbr\bin\java.dll
Event: 1.111 Loaded shared library C:\Program Files\Android\Android Studio1\jbr\bin\verify.dll

Deoptimization events (20 events):
Event: 2.175 Thread 0x0000014c2150d390 Uncommon trap: trap_request=0xffffffde fr.pc=0x0000014c2c591384 relative=0x0000000000000f84
Event: 2.175 Thread 0x0000014c2150d390 Uncommon trap: reason=class_check action=maybe_recompile pc=0x0000014c2c591384 method=java.util.HashMap.putVal(ILjava/lang/Object;Ljava/lang/Object;ZZ)Ljava/lang/Object; @ 203 c2
Event: 2.175 Thread 0x0000014c2150d390 DEOPT PACKING pc=0x0000014c2c591384 sp=0x00000017e90fcd40
Event: 2.175 Thread 0x0000014c2150d390 DEOPT UNPACKING pc=0x0000014c2bf569a3 sp=0x00000017e90fccd0 mode 2
Event: 2.446 Thread 0x0000014c2150d390 Uncommon trap: trap_request=0xffffffc6 fr.pc=0x0000014c2c58a354 relative=0x00000000000005f4
Event: 2.446 Thread 0x0000014c2150d390 Uncommon trap: reason=bimorphic_or_optimized_type_check action=maybe_recompile pc=0x0000014c2c58a354 method=org.jetbrains.kotlin.protobuf.CodedInputStream.tryRefillBuffer(I)Z @ 177 c2
Event: 2.446 Thread 0x0000014c2150d390 DEOPT PACKING pc=0x0000014c2c58a354 sp=0x00000017e90fa8b0
Event: 2.446 Thread 0x0000014c2150d390 DEOPT UNPACKING pc=0x0000014c2bf569a3 sp=0x00000017e90fa798 mode 2
Event: 2.448 Thread 0x0000014c2150d390 Uncommon trap: trap_request=0xffffffc6 fr.pc=0x0000014c2c58a354 relative=0x00000000000005f4
Event: 2.448 Thread 0x0000014c2150d390 Uncommon trap: reason=bimorphic_or_optimized_type_check action=maybe_recompile pc=0x0000014c2c58a354 method=org.jetbrains.kotlin.protobuf.CodedInputStream.tryRefillBuffer(I)Z @ 177 c2
Event: 2.448 Thread 0x0000014c2150d390 DEOPT PACKING pc=0x0000014c2c58a354 sp=0x00000017e90fa8b0
Event: 2.448 Thread 0x0000014c2150d390 DEOPT UNPACKING pc=0x0000014c2bf569a3 sp=0x00000017e90fa798 mode 2
Event: 2.448 Thread 0x0000014c2150d390 Uncommon trap: trap_request=0xffffffc6 fr.pc=0x0000014c2c58a354 relative=0x00000000000005f4
Event: 2.448 Thread 0x0000014c2150d390 Uncommon trap: reason=bimorphic_or_optimized_type_check action=maybe_recompile pc=0x0000014c2c58a354 method=org.jetbrains.kotlin.protobuf.CodedInputStream.tryRefillBuffer(I)Z @ 177 c2
Event: 2.448 Thread 0x0000014c2150d390 DEOPT PACKING pc=0x0000014c2c58a354 sp=0x00000017e90fa780
Event: 2.448 Thread 0x0000014c2150d390 DEOPT UNPACKING pc=0x0000014c2bf569a3 sp=0x00000017e90fa660 mode 2
Event: 2.450 Thread 0x0000014c2150d390 Uncommon trap: trap_request=0xffffffc6 fr.pc=0x0000014c2c58a354 relative=0x00000000000005f4
Event: 2.450 Thread 0x0000014c2150d390 Uncommon trap: reason=bimorphic_or_optimized_type_check action=maybe_recompile pc=0x0000014c2c58a354 method=org.jetbrains.kotlin.protobuf.CodedInputStream.tryRefillBuffer(I)Z @ 177 c2
Event: 2.450 Thread 0x0000014c2150d390 DEOPT PACKING pc=0x0000014c2c58a354 sp=0x00000017e90fa780
Event: 2.450 Thread 0x0000014c2150d390 DEOPT UNPACKING pc=0x0000014c2bf569a3 sp=0x00000017e90fa660 mode 2

Classes unloaded (0 events):
No events

Classes redefined (0 events):
No events

Internal exceptions (20 events):
Event: 0.965 Thread 0x0000014c2150d390 Exception <a 'java/lang/NoSuchMethodError'{0x00000000857baca0}: 'java.lang.Object java.lang.invoke.DirectMethodHandle$Holder.invokeSpecial(java.lang.Object, java.lang.Object, java.lang.Object, java.lang.Object, long)'> (0x00000000857baca0) 
thrown [s\src\hotspot\share\interpreter\linkResolver.cpp, line 771]
Event: 0.966 Thread 0x0000014c2150d390 Exception <a 'java/lang/NoSuchMethodError'{0x00000000857ca060}: 'int java.lang.invoke.DelegatingMethodHandle$Holder.reinvoke_L(java.lang.Object, java.lang.Object, java.lang.Object, long, java.lang.Object, java.lang.Object)'> (0x00000000857ca060) 
thrown [s\src\hotspot\share\interpreter\linkResolver.cpp, line 771]
Event: 0.967 Thread 0x0000014c2150d390 Exception <a 'java/lang/NoSuchMethodError'{0x00000000857d8bf0}: 'int java.lang.invoke.DelegatingMethodHandle$Holder.reinvoke_L(java.lang.Object, java.lang.Object, java.lang.Object, long, int, int)'> (0x00000000857d8bf0) 
thrown [s\src\hotspot\share\interpreter\linkResolver.cpp, line 771]
Event: 0.968 Thread 0x0000014c2150d390 Exception <a 'java/lang/NoSuchMethodError'{0x00000000857e7528}: 'int java.lang.invoke.DelegatingMethodHandle$Holder.reinvoke_L(java.lang.Object, java.lang.Object, java.lang.Object, long, long, long)'> (0x00000000857e7528) 
thrown [s\src\hotspot\share\interpreter\linkResolver.cpp, line 771]
Event: 0.969 Thread 0x0000014c2150d390 Exception <a 'java/lang/NoSuchMethodError'{0x00000000857f5d08}: 'int java.lang.invoke.DelegatingMethodHandle$Holder.reinvoke_L(java.lang.Object, java.lang.Object, java.lang.Object, long, int)'> (0x00000000857f5d08) 
thrown [s\src\hotspot\share\interpreter\linkResolver.cpp, line 771]
Event: 0.981 Thread 0x0000014c2150d390 Exception <a 'java/lang/NoSuchMethodError'{0x000000008569d618}: 'int java.lang.invoke.DirectMethodHandle$Holder.invokeStaticInit(java.lang.Object, java.lang.Object, java.lang.Object)'> (0x000000008569d618) 
thrown [s\src\hotspot\share\interpreter\linkResolver.cpp, line 771]
Event: 0.985 Thread 0x0000014c2150d390 Exception <a 'java/lang/NoSuchMethodError'{0x00000000856c6c70}: 'int java.lang.invoke.DirectMethodHandle$Holder.invokeStaticInit(java.lang.Object, java.lang.Object)'> (0x00000000856c6c70) 
thrown [s\src\hotspot\share\interpreter\linkResolver.cpp, line 771]
Event: 0.998 Thread 0x0000014c2150d390 Exception <a 'java/lang/NoSuchMethodError'{0x00000000855a5690}: 'void java.lang.invoke.DirectMethodHandle$Holder.invokeSpecial(java.lang.Object, java.lang.Object, java.lang.Object)'> (0x00000000855a5690) 
thrown [s\src\hotspot\share\interpreter\linkResolver.cpp, line 771]
Event: 1.042 Thread 0x0000014c2150d390 Exception <a 'java/lang/NoSuchMethodError'{0x00000000852cac98}: 'void java.lang.invoke.DirectMethodHandle$Holder.invokeStatic(java.lang.Object, java.lang.Object, java.lang.Object, java.lang.Object)'> (0x00000000852cac98) 
thrown [s\src\hotspot\share\interpreter\linkResolver.cpp, line 771]
Event: 1.087 Thread 0x0000014c2150d390 Exception <a 'java/lang/NoSuchMethodError'{0x0000000084e8b078}: 'void java.lang.invoke.DirectMethodHandle$Holder.invokeStaticInit(java.lang.Object, java.lang.Object)'> (0x0000000084e8b078) 
thrown [s\src\hotspot\share\interpreter\linkResolver.cpp, line 771]
Event: 1.151 Thread 0x0000014c2150d390 Exception <a 'java/lang/NoSuchMethodError'{0x00000000849030a0}: 'void java.lang.invoke.DirectMethodHandle$Holder.invokeVirtual(java.lang.Object, java.lang.Object)'> (0x00000000849030a0) 
thrown [s\src\hotspot\share\interpreter\linkResolver.cpp, line 771]
Event: 1.158 Thread 0x0000014c2150d390 Exception <a 'java/lang/NoSuchMethodError'{0x000000008497c738}: 'int java.lang.invoke.DirectMethodHandle$Holder.invokeVirtual(java.lang.Object, java.lang.Object)'> (0x000000008497c738) 
thrown [s\src\hotspot\share\interpreter\linkResolver.cpp, line 771]
Event: 1.169 Thread 0x0000014c2150d390 Exception <a 'java/lang/NoSuchMethodError'{0x00000000848148e8}: 'java.lang.Object java.lang.invoke.Invokers$Holder.invokeExact_MT(java.lang.Object, java.lang.Object, java.lang.Object, java.lang.Object, java.lang.Object, java.lang.Object)'> (0x00000000848148e8) 
thrown [s\src\hotspot\share\interpreter\linkResolver.cpp, line 771]
Event: 1.493 Thread 0x0000014c2150d390 Implicit null exception at 0x0000014c2c4b8372 to 0x0000014c2c4b898c
Event: 1.582 Thread 0x0000014c2150d390 Implicit null exception at 0x0000014c2c4b98f2 to 0x0000014c2c4b9f2c
Event: 1.620 Thread 0x0000014c2150d390 Exception <a 'java/lang/NoSuchMethodError'{0x000000008533ce28}: 'java.lang.Object java.lang.invoke.DirectMethodHandle$Holder.invokeVirtual(java.lang.Object, java.lang.Object, java.lang.Object)'> (0x000000008533ce28) 
thrown [s\src\hotspot\share\interpreter\linkResolver.cpp, line 771]
Event: 2.211 Thread 0x0000014c2150d390 Exception <a 'java/lang/NoSuchMethodError'{0x000000008b358370}: 'java.lang.Object java.lang.invoke.DirectMethodHandle$Holder.newInvokeSpecial(java.lang.Object, java.lang.Object, java.lang.Object, int)'> (0x000000008b358370) 
thrown [s\src\hotspot\share\interpreter\linkResolver.cpp, line 771]
Event: 2.212 Thread 0x0000014c2150d390 Exception <a 'java/lang/NoSuchMethodError'{0x000000008b35c9f8}: 'java.lang.Object java.lang.invoke.DirectMethodHandle$Holder.invokeSpecial(java.lang.Object, java.lang.Object, java.lang.Object, java.lang.Object, int)'> (0x000000008b35c9f8) 
thrown [s\src\hotspot\share\interpreter\linkResolver.cpp, line 771]
Event: 2.212 Thread 0x0000014c2150d390 Exception <a 'java/lang/NoSuchMethodError'{0x000000008b360868}: 'java.lang.Object java.lang.invoke.Invokers$Holder.linkToTargetMethod(java.lang.Object, java.lang.Object, int, java.lang.Object)'> (0x000000008b360868) 
thrown [s\src\hotspot\share\interpreter\linkResolver.cpp, line 771]
Event: 2.384 Thread 0x0000014c2150d390 Exception <a 'java/lang/NoSuchMethodError'{0x000000008706a850}: 'java.lang.Object java.lang.invoke.DirectMethodHandle$Holder.newInvokeSpecial(java.lang.Object, java.lang.Object, int)'> (0x000000008706a850) 
thrown [s\src\hotspot\share\interpreter\linkResolver.cpp, line 771]

VM Operations (20 events):
Event: 1.665 Executing VM operation: G1CollectForAllocation
Event: 1.671 Executing VM operation: G1CollectForAllocation done
Event: 1.782 Executing VM operation: CollectForMetadataAllocation
Event: 1.786 Executing VM operation: CollectForMetadataAllocation done
Event: 1.794 Executing VM operation: G1PauseRemark
Event: 1.796 Executing VM operation: G1PauseRemark done
Event: 1.800 Executing VM operation: G1PauseCleanup
Event: 1.800 Executing VM operation: G1PauseCleanup done
Event: 1.894 Executing VM operation: HandshakeAllThreads
Event: 1.894 Executing VM operation: HandshakeAllThreads done
Event: 2.184 Executing VM operation: HandshakeAllThreads
Event: 2.184 Executing VM operation: HandshakeAllThreads done
Event: 2.194 Executing VM operation: G1CollectForAllocation
Event: 2.203 Executing VM operation: G1CollectForAllocation done
Event: 2.269 Executing VM operation: HandshakeAllThreads
Event: 2.269 Executing VM operation: HandshakeAllThreads done
Event: 2.389 Executing VM operation: HandshakeAllThreads
Event: 2.389 Executing VM operation: HandshakeAllThreads done
Event: 2.445 Executing VM operation: HandshakeAllThreads
Event: 2.445 Executing VM operation: HandshakeAllThreads done

Events (20 events):
Event: 2.137 loading class java/util/AbstractMap$SimpleImmutableEntry
Event: 2.137 loading class java/util/AbstractMap$SimpleImmutableEntry done
Event: 2.169 loading class java/util/regex/Pattern$StartS
Event: 2.169 loading class java/util/regex/Pattern$StartS done
Event: 2.176 loading class java/util/ConcurrentModificationException
Event: 2.176 loading class java/util/ConcurrentModificationException done
Event: 2.183 loading class java/util/ArrayList$ListItr
Event: 2.184 loading class java/util/ArrayList$ListItr done
Event: 2.257 loading class java/io/InvalidObjectException
Event: 2.257 loading class java/io/InvalidObjectException done
Event: 2.268 loading class java/util/AbstractList$SubList$1
Event: 2.268 loading class java/util/AbstractList$SubList$1 done
Event: 2.268 loading class java/util/AbstractList$ListItr
Event: 2.268 loading class java/util/AbstractList$ListItr done
Event: 2.322 loading class java/text/StringCharacterIterator
Event: 2.322 loading class java/text/CharacterIterator
Event: 2.322 loading class java/text/CharacterIterator done
Event: 2.322 loading class java/text/StringCharacterIterator done
Event: 2.368 loading class java/lang/Override
Event: 2.368 loading class java/lang/Override done


Dynamic libraries:
0x00007ff626f40000 - 0x00007ff626f4a000 	C:\Program Files\Android\Android Studio1\jbr\bin\java.exe
0x00007ffff6670000 - 0x00007ffff6887000 	C:\WINDOWS\SYSTEM32\ntdll.dll
0x00007ffff5240000 - 0x00007ffff5304000 	C:\WINDOWS\System32\KERNEL32.DLL
0x00007ffff3aa0000 - 0x00007ffff3e57000 	C:\WINDOWS\System32\KERNELBASE.dll
0x00007fffef210000 - 0x00007fffef2a7000 	C:\WINDOWS\SYSTEM32\apphelp.dll
0x00007ffff3980000 - 0x00007ffff3a91000 	C:\WINDOWS\System32\ucrtbase.dll
0x00007fffe74f0000 - 0x00007fffe750b000 	C:\Program Files\Android\Android Studio1\jbr\bin\VCRUNTIME140.dll
0x00007fffe7410000 - 0x00007fffe7427000 	C:\Program Files\Android\Android Studio1\jbr\bin\jli.dll
0x00007ffff5310000 - 0x00007ffff54bf000 	C:\WINDOWS\System32\USER32.dll
0x00007ffff42c0000 - 0x00007ffff42e6000 	C:\WINDOWS\System32\win32u.dll
0x00007ffff54c0000 - 0x00007ffff54e9000 	C:\WINDOWS\System32\GDI32.dll
0x00007ffff3e60000 - 0x00007ffff3f78000 	C:\WINDOWS\System32\gdi32full.dll
0x00007ffff41b0000 - 0x00007ffff424a000 	C:\WINDOWS\System32\msvcp_win.dll
0x00007fffd9b40000 - 0x00007fffd9dd3000 	C:\WINDOWS\WinSxS\amd64_microsoft.windows.common-controls_6595b64144ccf1df_6.0.22621.3672_none_2713b9d173822955\COMCTL32.dll
0x00007ffff5e00000 - 0x00007ffff5ea7000 	C:\WINDOWS\System32\msvcrt.dll
0x00007ffff4d10000 - 0x00007ffff4d41000 	C:\WINDOWS\System32\IMM32.DLL
0x00007fffe9700000 - 0x00007fffe970c000 	C:\Program Files\Android\Android Studio1\jbr\bin\vcruntime140_1.dll
0x00007fff8ff90000 - 0x00007fff9001d000 	C:\Program Files\Android\Android Studio1\jbr\bin\msvcp140.dll
0x00007fff4bd70000 - 0x00007fff4c9f3000 	C:\Program Files\Android\Android Studio1\jbr\bin\server\jvm.dll
0x00007ffff6010000 - 0x00007ffff60c2000 	C:\WINDOWS\System32\ADVAPI32.dll
0x00007ffff4c60000 - 0x00007ffff4d08000 	C:\WINDOWS\System32\sechost.dll
0x00007ffff4370000 - 0x00007ffff4398000 	C:\WINDOWS\System32\bcrypt.dll
0x00007ffff47c0000 - 0x00007ffff48d4000 	C:\WINDOWS\System32\RPCRT4.dll
0x00007ffff35d0000 - 0x00007ffff361d000 	C:\WINDOWS\SYSTEM32\POWRPROF.dll
0x00007fffc6830000 - 0x00007fffc6839000 	C:\WINDOWS\SYSTEM32\WSOCK32.dll
0x00007fffec640000 - 0x00007fffec674000 	C:\WINDOWS\SYSTEM32\WINMM.dll
0x00007fffeaa30000 - 0x00007fffeaa3a000 	C:\WINDOWS\SYSTEM32\VERSION.dll
0x00007ffff5d80000 - 0x00007ffff5df1000 	C:\WINDOWS\System32\WS2_32.dll
0x00007ffff35b0000 - 0x00007ffff35c3000 	C:\WINDOWS\SYSTEM32\UMPDC.dll
0x00007ffff29a0000 - 0x00007ffff29b8000 	C:\WINDOWS\SYSTEM32\kernel.appcore.dll
0x00007fffecd30000 - 0x00007fffecd3a000 	C:\Program Files\Android\Android Studio1\jbr\bin\jimage.dll
0x00007ffff07a0000 - 0x00007ffff09d2000 	C:\WINDOWS\SYSTEM32\DBGHELP.DLL
0x00007ffff43b0000 - 0x00007ffff473e000 	C:\WINDOWS\System32\combase.dll
0x00007ffff4e50000 - 0x00007ffff4f27000 	C:\WINDOWS\System32\OLEAUT32.dll
0x00007fffeabc0000 - 0x00007fffeabf2000 	C:\WINDOWS\SYSTEM32\dbgcore.DLL
0x00007ffff42f0000 - 0x00007ffff436b000 	C:\WINDOWS\System32\bcryptPrimitives.dll
0x00007fffe1d60000 - 0x00007fffe1d85000 	C:\Program Files\Android\Android Studio1\jbr\bin\java.dll
0x00007fffeaed0000 - 0x00007fffeaee8000 	C:\Program Files\Android\Android Studio1\jbr\bin\zip.dll
0x00007ffff5500000 - 0x00007ffff5d69000 	C:\WINDOWS\System32\SHELL32.dll
0x00007ffff18a0000 - 0x00007ffff219f000 	C:\WINDOWS\SYSTEM32\windows.storage.dll
0x00007ffff1760000 - 0x00007ffff189f000 	C:\WINDOWS\SYSTEM32\wintypes.dll
0x00007ffff50b0000 - 0x00007ffff51a9000 	C:\WINDOWS\System32\SHCORE.dll
0x00007ffff60d0000 - 0x00007ffff612e000 	C:\WINDOWS\System32\shlwapi.dll
0x00007ffff38b0000 - 0x00007ffff38d7000 	C:\WINDOWS\SYSTEM32\profapi.dll
0x00007fffe96a0000 - 0x00007fffe96b9000 	C:\Program Files\Android\Android Studio1\jbr\bin\net.dll
0x00007fffef370000 - 0x00007fffef4a6000 	C:\WINDOWS\SYSTEM32\WINHTTP.dll
0x00007ffff2e40000 - 0x00007ffff2ea9000 	C:\WINDOWS\system32\mswsock.dll
0x00007fffe8720000 - 0x00007fffe8736000 	C:\Program Files\Android\Android Studio1\jbr\bin\nio.dll
0x00007fffe9760000 - 0x00007fffe9770000 	C:\Program Files\Android\Android Studio1\jbr\bin\verify.dll

dbghelp: loaded successfully - version: 4.0.5 - missing functions: none
symbol engine: initialized successfully - sym options: 0x614 - pdb path: .;C:\Program Files\Android\Android Studio1\jbr\bin;C:\WINDOWS\SYSTEM32;C:\WINDOWS\WinSxS\amd64_microsoft.windows.common-controls_6595b64144ccf1df_6.0.22621.3672_none_2713b9d173822955;C:\Program Files\Android\Android Studio1\jbr\bin\server

VM Arguments:
java_command: org.jetbrains.kotlin.cli.jvm.K2JVMCompiler @C:\Users\kimba\AndroidStudioProjects\MyApplication\app\build\20241002_13704499518822651425.compiler.options
java_class_path (initial): C:\Users\kimba\.gradle\caches\modules-2\files-2.1\org.jetbrains.kotlin\kotlin-compiler-embeddable\1.9.0\2c8c3a7402becca891f12739b3e9fd2dc2adbd7a\kotlin-compiler-embeddable-1.9.0.jar;C:\Users\kimba\.gradle\caches\modules-2\files-2.1\org.jetbrains.kotlin\kotlin-stdlib\1.9.0\8ee15ef0c67dc83d874f412d84378d7f0eb50b63\kotlin-stdlib-1.9.0.jar;C:\Users\kimba\.gradle\caches\modules-2\files-2.1\org.jetbrains.kotlin\kotlin-script-runtime\1.9.0\4b3102cbbb7e1b58d9d1adf89563f00069ffa7d1\kotlin-script-runtime-1.9.0.jar;C:\Users\kimba\.gradle\caches\modules-2\files-2.1\org.jetbrains.kotlin\kotlin-reflect\1.6.10\1cbe9c92c12a94eea200d23c2bbaedaf3daf5132\kotlin-reflect-1.6.10.jar;C:\Users\kimba\.gradle\caches\modules-2\files-2.1\org.jetbrains.kotlin\kotlin-daemon-embeddable\1.9.0\186543f5e28cf8d9a0290fecc2cf34301c40a65c\kotlin-daemon-embeddable-1.9.0.jar;C:\Users\kimba\.gradle\caches\modules-2\files-2.1\org.jetbrains.intellij.deps\trove4j\1.0.20200330\3afb14d5f9ceb459d724e907a21145e8ff394f02\trove4j-1.0.20200330.jar;C:\Users\kimba\.gradle\caches\modules-2\files-2.1\org.jetbrains.kotlin\kotlin-stdlib-common\1.9.0\cd65c21cfd1eec4d44ef09f9f52b6d9f8a720636\kotlin-stdlib-common-1.9.0.jar;C:\Users\kimba\.gradle\caches\modules-2\files-2.1\org.jetbrains\annotations\13.0\919f0dfe192fb4e063e7dacadee7f8bb9a2672a9\annotations-13.0.jar
Launcher Type: SUN_STANDARD

[Global flags]
     intx CICompilerCount                          = 4                                         {product} {ergonomic}
     uint ConcGCThreads                            = 2                                         {product} {ergonomic}
     uint G1ConcRefinementThreads                  = 8                                         {product} {ergonomic}
   size_t G1HeapRegionSize                         = 1048576                                   {product} {ergonomic}
    uintx GCDrainStackTargetSize                   = 64                                        {product} {ergonomic}
   size_t InitialHeapSize                          = 132120576                                 {product} {ergonomic}
   size_t MarkStackSize                            = 4194304                                   {product} {ergonomic}
   size_t MaxHeapSize                              = 2090860544                                {product} {ergonomic}
   size_t MaxNewSize                               = 1254096896                                {product} {ergonomic}
   size_t MinHeapDeltaBytes                        = 1048576                                   {product} {ergonomic}
   size_t MinHeapSize                              = 8388608                                   {product} {ergonomic}
    uintx NonNMethodCodeHeapSize                   = 5839372                                {pd product} {ergonomic}
    uintx NonProfiledCodeHeapSize                  = 122909434                              {pd product} {ergonomic}
    uintx ProfiledCodeHeapSize                     = 122909434                              {pd product} {ergonomic}
    uintx ReservedCodeCacheSize                    = 251658240                              {pd product} {ergonomic}
     bool SegmentedCodeCache                       = true                                      {product} {ergonomic}
   size_t SoftMaxHeapSize                          = 2090860544                             {manageable} {ergonomic}
     bool UseCompressedClassPointers               = true                           {product lp64_product} {ergonomic}
     bool UseCompressedOops                        = true                           {product lp64_product} {ergonomic}
     bool UseG1GC                                  = true                                      {product} {ergonomic}
     bool UseLargePagesIndividualAllocation        = false                                  {pd product} {ergonomic}

Logging:
Log output configuration:
 #0: stdout all=warning uptime,level,tags
 #1: stderr all=off uptime,level,tags

Environment Variables:
PATH=C:\Program Files (x86)\Microsoft\Edge\Application;C:\Program Files\Common Files\Oracle\Java\javapath;C:\WINDOWS\system32;C:\WINDOWS;C:\WINDOWS\System32\Wbem;C:\WINDOWS\System32\WindowsPowerShell\v1.0\;C:\WINDOWS\System32\OpenSSH\;C:\Program Files\PuTTY\;C:\Program Files\Git\cmd;C:\msys64\ucrt64\bin;;C:\Program Files\Docker\Docker\resources\bin;C:\Program Files (x86)\Windows Kits\10\Windows Performance Toolkit\;C:\Program Files\nodejs\;C:\Program Files\dotnet\;C:\Users\kimba\AppData\Local\Programs\Python\Python312\Scripts\;C:\Users\kimba\AppData\Local\Programs\Python\Python312\;C:\Users\kimba\AppData\Local\Microsoft\WindowsApps;C:\Users\kimba\AppData\Local\Programs\Microsoft VS Code\bin;C:\venvs;C:\Users\kimba\anaconda3;C:\Users\kimba\anaconda3\Library;C:\Users\kimba\anaconda3\Scripts;C:\Users\kimba\AppData\Roaming\npm;C:\Program Files\JetBrains\IntelliJ IDEA Community Edition 2024.2.1\bin;
USERNAME=kimba
OS=Windows_NT
PROCESSOR_IDENTIFIER=Intel64 Family 6 Model 142 Stepping 12, GenuineIntel
TMP=C:\Users\kimba\AppData\Local\Temp
TEMP=C:\Users\kimba\AppData\Local\Temp



Periodic native trim disabled

JNI global refs:
JNI global refs: 10, weak refs: 9

JNI global refs memory usage: 843, weak refs: 841

Process memory usage:
Resident Set Size: 223608K (2% of 8165864K total physical memory with 833436K free physical memory)

OOME stack traces (most recent first):
Classloader memory used:
Loader jdk.internal.loader.ClassLoaders$AppClassLoader                                 : 4508K
Loader bootstrap                                                                       : 1263K
Loader jdk.internal.reflect.DelegatingClassLoader                                      : 6070B


---------------  S Y S T E M  ---------------

OS:
 Windows 11 , 64 bit Build 22621 (10.0.22621.3958)
OS uptime: 3 days 21:04 hours
Hyper-V role detected

CPU: total 8 (initial active 8) (4 cores per cpu, 2 threads per core) family 6 model 142 stepping 12 microcode 0xfa, cx8, cmov, fxsr, ht, mmx, 3dnowpref, sse, sse2, sse3, ssse3, sse4.1, sse4.2, popcnt, lzcnt, tsc, tscinvbit, avx, avx2, aes, erms, clmul, bmi1, bmi2, adx, fma, vzeroupper, clflush, clflushopt, hv
Processor Information for all 8 processors :
  Max Mhz: 2112, Current Mhz: 1609, Mhz Limit: 1605

Memory: 4k page, system-wide physical 7974M (814M free)
TotalPageFile size 32550M (AvailPageFile size 16M)
current process WorkingSet (physical memory assigned to process): 219M, peak: 229M
current process commit charge ("private bytes"): 257M, peak: 268M

vm_info: OpenJDK 64-Bit Server VM (17.0.11+0--11852314) for windows-amd64 JRE (17.0.11+0--11852314), built on May 16 2024 21:29:20 by "androidbuild" with MS VC++ 16.10 / 16.11 (VS2019)

END.
